0 verbose cli C:\Program Files\nodejs\node.exe C:\Program Files\nodejs\node_modules\npm\bin\npm-cli.js
1 info using npm@11.11.0
2 info using node@v24.14.1
3 silly config load:file:C:\Program Files\nodejs\node_modules\npm\npmrc
4 silly config load:file:C:\Users\Admin\OneDrive\Desktop\devangorganics-main\.npmrc
5 silly config load:file:C:\Users\Admin\.npmrc
6 silly config load:file:C:\Users\Admin\AppData\Roaming\npm\etc\npmrc
7 verbose title npm install firebase
8 verbose argv "install" "firebase" "--no-audit" "--no-fund"
9 verbose logfile logs-max:10 dir:C:\Users\Admin\OneDrive\Desktop\devangorganics-main\.npm-cache\_logs\2026-06-10T09_35_22_726Z-
10 verbose logfile C:\Users\Admin\OneDrive\Desktop\devangorganics-main\.npm-cache\_logs\2026-06-10T09_35_22_726Z-debug-0.log
11 silly logfile done cleaning log files
12 silly packumentCache heap:4496293888 maxSize:1124073472 maxEntrySize:562036736
13 silly idealTree buildDeps
14 silly fetch manifest firebase@*
15 silly packumentCache full:https://registry.npmjs.org/firebase cache-miss
16 http fetch GET 200 https://registry.npmjs.org/firebase 587ms (cache miss)
17 silly packumentCache full:https://registry.npmjs.org/firebase set size:undefined disposed:false
18 silly placeDep ROOT firebase@12.14.0 OK for: devang-organics@0.1.0 want: *
19 silly fetch manifest @firebase/ai@2.13.0
20 silly packumentCache full:https://registry.npmjs.org/@firebase%2fai cache-miss
21 silly fetch manifest @firebase/app@0.14.13
22 silly packumentCache full:https://registry.npmjs.org/@firebase%2fapp cache-miss
23 silly fetch manifest @firebase/app-compat@0.5.13
24 silly packumentCache full:https://registry.npmjs.org/@firebase%2fapp-compat cache-miss
25 silly fetch manifest @firebase/app-types@0.9.5
26 silly packumentCache full:https://registry.npmjs.org/@firebase%2fapp-types cache-miss
27 silly fetch manifest @firebase/auth@1.13.2
28 silly packumentCache full:https://registry.npmjs.org/@firebase%2fauth cache-miss
29 silly fetch manifest @firebase/auth-compat@0.6.7
30 silly packumentCache full:https://registry.npmjs.org/@firebase%2fauth-compat cache-miss
31 silly fetch manifest @firebase/data-connect@0.7.1
32 silly packumentCache full:https://registry.npmjs.org/@firebase%2fdata-connect cache-miss
33 http fetch GET 200 https://registry.npmjs.org/@firebase%2fdata-connect 258ms (cache miss)
34 silly packumentCache full:https://registry.npmjs.org/@firebase%2fdata-connect set size:undefined disposed:false
35 silly fetch manifest @firebase/database@1.1.3
36 silly packumentCache full:https://registry.npmjs.org/@firebase%2fdatabase cache-miss
37 http fetch GET 200 https://registry.npmjs.org/@firebase%2fai 468ms (cache miss)
38 silly packumentCache full:https://registry.npmjs.org/@firebase%2fai set size:undefined disposed:false
39 silly fetch manifest @firebase/database-compat@2.1.4
40 silly packumentCache full:https://registry.npmjs.org/@firebase%2fdatabase-compat cache-miss
41 http fetch GET 200 https://registry.npmjs.org/@firebase%2fauth 922ms (cache miss)
42 silly packumentCache full:https://registry.npmjs.org/@firebase%2fauth set size:undefined disposed:false
43 silly fetch manifest @firebase/firestore@4.15.0
44 silly packumentCache full:https://registry.npmjs.org/@firebase%2ffirestore cache-miss
45 http fetch GET 200 https://registry.npmjs.org/@firebase%2fdatabase-compat 698ms (cache miss)
46 silly packumentCache full:https://registry.npmjs.org/@firebase%2fdatabase-compat set size:undefined disposed:false
47 silly fetch manifest @firebase/firestore-compat@0.4.10
48 silly packumentCache full:https://registry.npmjs.org/@firebase%2ffirestore-compat cache-miss
49 http fetch GET 200 https://registry.npmjs.org/@firebase%2ffirestore-compat 630ms (cache miss)
50 silly packumentCache full:https://registry.npmjs.org/@firebase%2ffirestore-compat set size:undefined disposed:false
51 silly fetch manifest @firebase/functions@0.13.5
52 silly packumentCache full:https://registry.npmjs.org/@firebase%2ffunctions cache-miss
53 http fetch GET 200 https://registry.npmjs.org/@firebase%2fauth-compat 1951ms (cache miss)
54 silly packumentCache full:https://registry.npmjs.org/@firebase%2fauth-compat set size:undefined disposed:false
55 silly fetch manifest @firebase/functions-compat@0.4.5
56 silly packumentCache full:https://registry.npmjs.org/@firebase%2ffunctions-compat cache-miss
57 http fetch GET 200 https://registry.npmjs.org/@firebase%2fapp-compat 2201ms (cache miss)
58 silly packumentCache full:https://registry.npmjs.org/@firebase%2fapp-compat set size:undefined disposed:false
59 silly fetch manifest @firebase/installations@0.6.22
60 silly packumentCache full:https://registry.npmjs.org/@firebase%2finstallations cache-miss
61 http fetch GET 200 https://registry.npmjs.org/@firebase%2fdatabase 2184ms (cache miss)
62 silly packumentCache full:https://registry.npmjs.org/@firebase%2fdatabase set size:undefined disposed:false
63 silly fetch manifest @firebase/installations-compat@0.2.22
64 silly packumentCache full:https://registry.npmjs.org/@firebase%2finstallations-compat cache-miss
65 http fetch GET 200 https://registry.npmjs.org/@firebase%2fapp 3024ms (cache miss)
66 silly packumentCache full:https://registry.npmjs.org/@firebase%2fapp set size:undefined disposed:false
67 silly fetch manifest @firebase/messaging@0.13.0
68 silly packumentCache full:https://registry.npmjs.org/@firebase%2fmessaging cache-miss
69 http fetch GET 200 https://registry.npmjs.org/@firebase%2ffunctions-compat 1128ms (cache miss)
70 silly packumentCache full:https://registry.npmjs.org/@firebase%2ffunctions-compat set size:undefined disposed:false
71 silly fetch manifest @firebase/messaging-compat@0.2.27
72 silly packumentCache full:https://registry.npmjs.org/@firebase%2fmessaging-compat cache-miss
73 http fetch GET 200 https://registry.npmjs.org/@firebase%2ffunctions 1574ms (cache miss)
74 silly packumentCache full:https://registry.npmjs.org/@firebase%2ffunctions set size:undefined disposed:false
75 silly fetch manifest @firebase/storage@0.14.3
76 silly packumentCache full:https://registry.npmjs.org/@firebase%2fstorage cache-miss
77 http fetch GET 200 https://registry.npmjs.org/@firebase%2ffirestore 2615ms (cache miss)
78 silly packumentCache full:https://registry.npmjs.org/@firebase%2ffirestore set size:undefined disposed:false
79 silly fetch manifest @firebase/storage-compat@0.4.3
80 silly packumentCache full:https://registry.npmjs.org/@firebase%2fstorage-compat cache-miss
81 http fetch GET 200 https://registry.npmjs.org/@firebase%2fapp-types 4222ms (cache miss)
82 silly packumentCache full:https://registry.npmjs.org/@firebase%2fapp-types set size:undefined disposed:false
83 silly fetch manifest @firebase/performance@0.7.12
84 silly packumentCache full:https://registry.npmjs.org/@firebase%2fperformance cache-miss
85 http fetch GET 200 https://registry.npmjs.org/@firebase%2finstallations-compat 1729ms (cache miss)
86 silly packumentCache full:https://registry.npmjs.org/@firebase%2finstallations-compat set size:undefined disposed:false
87 silly fetch manifest @firebase/performance-compat@0.2.25
88 silly packumentCache full:https://registry.npmjs.org/@firebase%2fperformance-compat cache-miss
89 http fetch GET 200 https://registry.npmjs.org/@firebase%2fmessaging-compat 1257ms (cache miss)
90 silly packumentCache full:https://registry.npmjs.org/@firebase%2fmessaging-compat set size:undefined disposed:false
91 silly fetch manifest @firebase/remote-config@0.8.4
92 silly packumentCache full:https://registry.npmjs.org/@firebase%2fremote-config cache-miss
93 http fetch GET 200 https://registry.npmjs.org/@firebase%2finstallations 2530ms (cache miss)
94 silly packumentCache full:https://registry.npmjs.org/@firebase%2finstallations set size:undefined disposed:false
95 silly fetch manifest @firebase/remote-config-compat@0.2.25
96 silly packumentCache full:https://registry.npmjs.org/@firebase%2fremote-config-compat cache-miss
97 http fetch GET 200 https://registry.npmjs.org/@firebase%2fstorage-compat 897ms (cache miss)
98 silly packumentCache full:https://registry.npmjs.org/@firebase%2fstorage-compat set size:undefined disposed:false
99 silly fetch manifest @firebase/analytics@0.10.22
100 silly packumentCache full:https://registry.npmjs.org/@firebase%2fanalytics cache-miss
101 http fetch GET 200 https://registry.npmjs.org/@firebase%2fperformance-compat 664ms (cache miss)
102 silly packumentCache full:https://registry.npmjs.org/@firebase%2fperformance-compat set size:undefined disposed:false
103 silly fetch manifest @firebase/analytics-compat@0.2.28
104 silly packumentCache full:https://registry.npmjs.org/@firebase%2fanalytics-compat cache-miss
105 http fetch GET 200 https://registry.npmjs.org/@firebase%2fremote-config-compat 395ms (cache miss)
106 silly packumentCache full:https://registry.npmjs.org/@firebase%2fremote-config-compat set size:undefined disposed:false
107 silly fetch manifest @firebase/app-check@0.11.4
108 silly packumentCache full:https://registry.npmjs.org/@firebase%2fapp-check cache-miss
109 http fetch GET 200 https://registry.npmjs.org/@firebase%2fmessaging 2343ms (cache miss)
110 silly packumentCache full:https://registry.npmjs.org/@firebase%2fmessaging set size:undefined disposed:false
111 silly fetch manifest @firebase/app-check-compat@0.4.4
112 silly packumentCache full:https://registry.npmjs.org/@firebase%2fapp-check-compat cache-miss
113 http fetch GET 200 https://registry.npmjs.org/@firebase%2fanalytics-compat 725ms (cache miss)
114 silly packumentCache full:https://registry.npmjs.org/@firebase%2fanalytics-compat set size:undefined disposed:false
115 silly fetch manifest @firebase/util@1.15.1
116 silly packumentCache full:https://registry.npmjs.org/@firebase%2futil cache-miss
117 http fetch GET 200 https://registry.npmjs.org/@firebase%2fapp-check 1191ms (cache miss)
118 silly packumentCache full:https://registry.npmjs.org/@firebase%2fapp-check set size:undefined disposed:false
119 http fetch GET 200 https://registry.npmjs.org/@firebase%2fperformance 2255ms (cache miss)
120 silly packumentCache full:https://registry.npmjs.org/@firebase%2fperformance set size:undefined disposed:false
121 http fetch GET 200 https://registry.npmjs.org/@firebase%2fapp-check-compat 1090ms (cache miss)
122 silly packumentCache full:https://registry.npmjs.org/@firebase%2fapp-check-compat set size:undefined disposed:false
123 http fetch GET 200 https://registry.npmjs.org/@firebase%2fremote-config 2275ms (cache miss)
124 silly packumentCache full:https://registry.npmjs.org/@firebase%2fremote-config set size:undefined disposed:false
125 http fetch GET 200 https://registry.npmjs.org/@firebase%2fanalytics 1991ms (cache miss)
126 silly packumentCache full:https://registry.npmjs.org/@firebase%2fanalytics set size:undefined disposed:false
127 http fetch GET 200 https://registry.npmjs.org/@firebase%2futil 1468ms (cache miss)
128 silly packumentCache full:https://registry.npmjs.org/@firebase%2futil set size:undefined disposed:false
129 http fetch GET 200 https://registry.npmjs.org/@firebase%2fstorage 4384ms (cache miss)
130 silly packumentCache full:https://registry.npmjs.org/@firebase%2fstorage set size:undefined disposed:false
131 silly fetch manifest @react-native-async-storage/async-storage@^2.2.0 || ^3.0.0
132 silly packumentCache full:https://registry.npmjs.org/@react-native-async-storage%2fasync-storage cache-miss
133 http fetch GET 200 https://registry.npmjs.org/@react-native-async-storage%2fasync-storage 336ms (cache miss)
134 silly packumentCache full:https://registry.npmjs.org/@react-native-async-storage%2fasync-storage set size:undefined disposed:false
135 silly fetch manifest react@*
136 silly packumentCache full:https://registry.npmjs.org/react cache-miss
137 http fetch GET 200 https://registry.npmjs.org/react 441ms (cache miss)
138 silly packumentCache full:https://registry.npmjs.org/react set size:undefined disposed:false
139 silly fetch manifest react-native@*
140 silly packumentCache full:https://registry.npmjs.org/react-native cache-miss
141 http fetch GET 200 https://registry.npmjs.org/react-native 655ms (cache miss)
142 silly packumentCache full:https://registry.npmjs.org/react-native set size:undefined disposed:false
143 silly fetch manifest @react-native/jest-preset@0.86.0
144 silly packumentCache full:https://registry.npmjs.org/@react-native%2fjest-preset cache-miss
145 http fetch GET 200 https://registry.npmjs.org/@react-native%2fjest-preset 101ms (cache miss)
146 silly packumentCache full:https://registry.npmjs.org/@react-native%2fjest-preset set size:undefined disposed:false
147 silly fetch manifest @types/react@^19.1.1
148 silly packumentCache full:https://registry.npmjs.org/@types%2freact cache-miss
149 http fetch GET 200 https://registry.npmjs.org/@types%2freact 161ms (cache miss)
150 silly packumentCache full:https://registry.npmjs.org/@types%2freact set size:undefined disposed:false
151 silly placeDep ROOT @firebase/ai@2.13.0 OK for: firebase@12.14.0 want: 2.13.0
152 silly placeDep ROOT @firebase/app@0.14.13 OK for: @firebase/ai@2.13.0 want: 0.x
153 silly placeDep ROOT @firebase/app-types@0.9.5 OK for: @firebase/ai@2.13.0 want: 0.x
154 silly placeDep ROOT @firebase/analytics@0.10.22 OK for: firebase@12.14.0 want: 0.10.22
155 silly placeDep ROOT @firebase/analytics-compat@0.2.28 OK for: firebase@12.14.0 want: 0.2.28
156 silly placeDep ROOT @firebase/app-compat@0.5.13 OK for: @firebase/analytics-compat@0.2.28 want: 0.x
157 silly placeDep ROOT @firebase/app-check@0.11.4 OK for: firebase@12.14.0 want: 0.11.4
158 silly placeDep ROOT @firebase/app-check-compat@0.4.4 OK for: firebase@12.14.0 want: 0.4.4
159 silly placeDep node_modules/firebase @firebase/auth@1.13.2 OK for: firebase@12.14.0 want: 1.13.2
160 silly placeDep ROOT @firebase/auth-compat@0.6.7 OK for: firebase@12.14.0 want: 0.6.7
161 silly placeDep ROOT @firebase/data-connect@0.7.1 OK for: firebase@12.14.0 want: 0.7.1
162 silly placeDep ROOT @firebase/database@1.1.3 OK for: firebase@12.14.0 want: 1.1.3
163 silly placeDep ROOT @firebase/database-compat@2.1.4 OK for: firebase@12.14.0 want: 2.1.4
164 silly placeDep ROOT @firebase/firestore@4.15.0 OK for: firebase@12.14.0 want: 4.15.0
165 silly placeDep ROOT @firebase/firestore-compat@0.4.10 OK for: firebase@12.14.0 want: 0.4.10
166 silly placeDep ROOT @firebase/functions@0.13.5 OK for: firebase@12.14.0 want: 0.13.5
167 silly placeDep ROOT @firebase/functions-compat@0.4.5 OK for: firebase@12.14.0 want: 0.4.5
168 silly placeDep ROOT @firebase/installations@0.6.22 OK for: firebase@12.14.0 want: 0.6.22
169 silly placeDep ROOT @firebase/installations-compat@0.2.22 OK for: firebase@12.14.0 want: 0.2.22
170 silly placeDep ROOT @firebase/messaging@0.13.0 OK for: firebase@12.14.0 want: 0.13.0
171 silly placeDep ROOT @firebase/messaging-compat@0.2.27 OK for: firebase@12.14.0 want: 0.2.27
172 silly placeDep ROOT @firebase/performance@0.7.12 OK for: firebase@12.14.0 want: 0.7.12
173 silly placeDep ROOT @firebase/performance-compat@0.2.25 OK for: firebase@12.14.0 want: 0.2.25
174 silly placeDep ROOT @firebase/remote-config@0.8.4 OK for: firebase@12.14.0 want: 0.8.4
175 silly placeDep ROOT @firebase/remote-config-compat@0.2.25 OK for: firebase@12.14.0 want: 0.2.25
176 silly placeDep ROOT @firebase/storage@0.14.3 OK for: firebase@12.14.0 want: 0.14.3
177 silly placeDep ROOT @firebase/storage-compat@0.4.3 OK for: firebase@12.14.0 want: 0.4.3
178 silly placeDep ROOT @firebase/util@1.15.1 OK for: firebase@12.14.0 want: 1.15.1
179 silly fetch manifest @firebase/app-check-interop-types@0.3.4
180 silly packumentCache full:https://registry.npmjs.org/@firebase%2fapp-check-interop-types cache-miss
181 silly fetch manifest @firebase/component@0.7.3
182 silly packumentCache full:https://registry.npmjs.org/@firebase%2fcomponent cache-miss
183 silly fetch manifest @firebase/logger@0.5.1
184 silly packumentCache full:https://registry.npmjs.org/@firebase%2flogger cache-miss
185 silly fetch manifest @firebase/logger@0.5.1
186 silly packumentCache full:https://registry.npmjs.org/@firebase%2flogger cache-miss
187 silly fetch manifest @firebase/logger@0.5.1
188 silly packumentCache full:https://registry.npmjs.org/@firebase%2flogger cache-miss
189 silly fetch manifest @firebase/component@0.7.3
190 silly packumentCache full:https://registry.npmjs.org/@firebase%2fcomponent cache-miss
191 silly fetch manifest idb@7.1.1
192 silly packumentCache full:https://registry.npmjs.org/idb cache-miss
193 http fetch GET 200 https://registry.npmjs.org/@firebase%2fapp-check-interop-types 411ms (cache miss)
194 silly packumentCache full:https://registry.npmjs.org/@firebase%2fapp-check-interop-types set size:undefined disposed:false
195 silly fetch manifest @firebase/logger@0.5.1
196 silly packumentCache full:https://registry.npmjs.org/@firebase%2flogger cache-miss
197 http fetch GET 200 https://registry.npmjs.org/@firebase%2flogger 1635ms (cache miss)
198 silly packumentCache full:https://registry.npmjs.org/@firebase%2flogger set size:undefined disposed:false
199 silly fetch manifest @firebase/component@0.7.3
200 silly packumentCache full:https://registry.npmjs.org/@firebase%2fcomponent cache-miss
201 http fetch GET 200 https://registry.npmjs.org/@firebase%2flogger 1786ms (cache miss)
202 silly packumentCache full:https://registry.npmjs.org/@firebase%2flogger set size:undefined disposed:false
203 silly fetch manifest @firebase/component@0.7.3
204 silly packumentCache full:https://registry.npmjs.org/@firebase%2fcomponent cache-miss
205 http fetch GET 200 https://registry.npmjs.org/@firebase%2fcomponent 2137ms (cache miss)
206 silly packumentCache full:https://registry.npmjs.org/@firebase%2fcomponent set size:undefined disposed:false
207 silly fetch manifest @firebase/analytics-types@0.8.4
208 silly packumentCache full:https://registry.npmjs.org/@firebase%2fanalytics-types cache-miss
209 http fetch GET 200 https://registry.npmjs.org/@firebase%2flogger 2230ms (cache miss)
210 silly packumentCache full:https://registry.npmjs.org/@firebase%2flogger set size:undefined disposed:false
211 silly fetch manifest @firebase/app-check-types@0.5.4
212 silly packumentCache full:https://registry.npmjs.org/@firebase%2fapp-check-types cache-miss
213 http fetch GET 200 https://registry.npmjs.org/@firebase%2fcomponent 921ms (cache miss)
214 silly packumentCache full:https://registry.npmjs.org/@firebase%2fcomponent set size:undefined disposed:false
215 silly fetch manifest @firebase/auth-types@0.13.1
216 silly packumentCache full:https://registry.npmjs.org/@firebase%2fauth-types cache-miss
217 http fetch GET 200 https://registry.npmjs.org/@firebase%2flogger 2382ms (cache miss)
218 silly packumentCache full:https://registry.npmjs.org/@firebase%2flogger set size:undefined disposed:false
219 silly fetch manifest @firebase/auth-interop-types@0.2.5
220 silly packumentCache full:https://registry.npmjs.org/@firebase%2fauth-interop-types cache-miss
221 http fetch GET 200 https://registry.npmjs.org/@firebase%2fcomponent 2928ms (cache miss)
222 silly packumentCache full:https://registry.npmjs.org/@firebase%2fcomponent set size:undefined disposed:false
223 silly fetch manifest faye-websocket@0.11.4
224 silly packumentCache full:https://registry.npmjs.org/faye-websocket cache-miss
225 http fetch GET 200 https://registry.npmjs.org/@firebase%2fcomponent 1154ms (cache miss)
226 silly packumentCache full:https://registry.npmjs.org/@firebase%2fcomponent set size:undefined disposed:false
227 silly fetch manifest @firebase/auth-interop-types@0.2.5
228 silly packumentCache full:https://registry.npmjs.org/@firebase%2fauth-interop-types cache-miss
229 http fetch GET 200 https://registry.npmjs.org/idb 3804ms (cache miss)
230 silly packumentCache full:https://registry.npmjs.org/idb set size:undefined disposed:false
231 silly fetch manifest @firebase/database-types@1.0.20
232 silly packumentCache full:https://registry.npmjs.org/@firebase%2fdatabase-types cache-miss
233 http fetch GET 200 https://registry.npmjs.org/@firebase%2fauth-types 1037ms (cache miss)
234 silly packumentCache full:https://registry.npmjs.org/@firebase%2fauth-types set size:undefined disposed:false
235 silly fetch manifest @firebase/webchannel-wrapper@1.0.6
236 silly packumentCache full:https://registry.npmjs.org/@firebase%2fwebchannel-wrapper cache-miss
237 http fetch GET 200 https://registry.npmjs.org/@firebase%2fanalytics-types 1812ms (cache miss)
238 silly packumentCache full:https://registry.npmjs.org/@firebase%2fanalytics-types set size:undefined disposed:false
239 silly fetch manifest @grpc/grpc-js@~1.9.0
240 silly packumentCache full:https://registry.npmjs.org/@grpc%2fgrpc-js cache-miss
241 http fetch GET 200 https://registry.npmjs.org/faye-websocket 1112ms (cache miss)
242 silly packumentCache full:https://registry.npmjs.org/faye-websocket set size:undefined disposed:false
243 silly fetch manifest @grpc/proto-loader@^0.7.8
244 silly packumentCache full:https://registry.npmjs.org/@grpc%2fproto-loader cache-miss
245 http fetch GET 200 https://registry.npmjs.org/@firebase%2fapp-check-types 1826ms (cache miss)
246 silly packumentCache full:https://registry.npmjs.org/@firebase%2fapp-check-types set size:undefined disposed:false
247 silly fetch manifest @firebase/firestore-types@3.0.4
248 silly packumentCache full:https://registry.npmjs.org/@firebase%2ffirestore-types cache-miss
249 http fetch GET 200 https://registry.npmjs.org/@firebase%2fauth-interop-types 1259ms (cache miss)
250 silly packumentCache full:https://registry.npmjs.org/@firebase%2fauth-interop-types set size:undefined disposed:false
251 silly fetch manifest @firebase/messaging-interop-types@0.2.5
252 silly packumentCache full:https://registry.npmjs.org/@firebase%2fmessaging-interop-types cache-miss
253 http fetch GET 200 https://registry.npmjs.org/@firebase%2fdatabase-types 940ms (cache miss)
254 silly packumentCache full:https://registry.npmjs.org/@firebase%2fdatabase-types set size:undefined disposed:false
255 silly fetch manifest @firebase/functions-types@0.6.4
256 silly packumentCache full:https://registry.npmjs.org/@firebase%2ffunctions-types cache-miss
257 http fetch GET 200 https://registry.npmjs.org/@grpc%2fproto-loader 763ms (cache miss)
258 silly packumentCache full:https://registry.npmjs.org/@grpc%2fproto-loader set size:undefined disposed:false
259 silly fetch manifest @firebase/installations-types@0.5.4
260 silly packumentCache full:https://registry.npmjs.org/@firebase%2finstallations-types cache-miss
261 http fetch GET 200 https://registry.npmjs.org/@grpc%2fgrpc-js 903ms (cache miss)
262 silly packumentCache full:https://registry.npmjs.org/@grpc%2fgrpc-js set size:undefined disposed:false
263 silly fetch manifest @firebase/messaging-interop-types@0.2.5
264 silly packumentCache full:https://registry.npmjs.org/@firebase%2fmessaging-interop-types cache-miss
265 http fetch GET 200 https://registry.npmjs.org/@firebase%2fauth-interop-types 2319ms (cache miss)
266 silly packumentCache full:https://registry.npmjs.org/@firebase%2fauth-interop-types set size:undefined disposed:false
267 silly fetch manifest web-vitals@^4.2.4
268 silly packumentCache full:https://registry.npmjs.org/web-vitals cache-miss
269 http fetch GET 200 https://registry.npmjs.org/@firebase%2fmessaging-interop-types 1304ms (cache miss)
270 silly packumentCache full:https://registry.npmjs.org/@firebase%2fmessaging-interop-types set size:undefined disposed:false
271 silly fetch manifest @firebase/performance-types@0.2.4
272 silly packumentCache full:https://registry.npmjs.org/@firebase%2fperformance-types cache-miss
273 http fetch GET 200 https://registry.npmjs.org/@firebase%2ffirestore-types 1450ms (cache miss)
274 silly packumentCache full:https://registry.npmjs.org/@firebase%2ffirestore-types set size:undefined disposed:false
275 silly fetch manifest @firebase/remote-config-types@0.5.1
276 silly packumentCache full:https://registry.npmjs.org/@firebase%2fremote-config-types cache-miss
277 http fetch GET 200 https://registry.npmjs.org/@firebase%2fmessaging-interop-types 857ms (cache miss)
278 silly packumentCache full:https://registry.npmjs.org/@firebase%2fmessaging-interop-types set size:undefined disposed:false
279 silly fetch manifest @firebase/storage-types@0.8.4
280 silly packumentCache full:https://registry.npmjs.org/@firebase%2fstorage-types cache-miss
281 http fetch GET 200 https://registry.npmjs.org/web-vitals 399ms (cache miss)
282 silly packumentCache full:https://registry.npmjs.org/web-vitals set size:undefined disposed:false
283 http fetch GET 200 https://registry.npmjs.org/@firebase%2fwebchannel-wrapper 2507ms (cache miss)
284 silly packumentCache full:https://registry.npmjs.org/@firebase%2fwebchannel-wrapper set size:undefined disposed:false
285 http fetch GET 200 https://registry.npmjs.org/@firebase%2fperformance-types 1385ms (cache miss)
286 silly packumentCache full:https://registry.npmjs.org/@firebase%2fperformance-types set size:undefined disposed:false
287 http fetch GET 200 https://registry.npmjs.org/@firebase%2finstallations-types 2216ms (cache miss)
288 silly packumentCache full:https://registry.npmjs.org/@firebase%2finstallations-types set size:undefined disposed:false
289 http fetch GET 200 https://registry.npmjs.org/@firebase%2ffunctions-types 2428ms (cache miss)
290 silly packumentCache full:https://registry.npmjs.org/@firebase%2ffunctions-types set size:undefined disposed:false
291 http fetch GET 200 https://registry.npmjs.org/@firebase%2fstorage-types 1562ms (cache miss)
292 silly packumentCache full:https://registry.npmjs.org/@firebase%2fstorage-types set size:undefined disposed:false
293 http fetch GET 200 https://registry.npmjs.org/@firebase%2fremote-config-types 1944ms (cache miss)
294 silly packumentCache full:https://registry.npmjs.org/@firebase%2fremote-config-types set size:undefined disposed:false
295 silly placeDep ROOT @firebase/app-check-interop-types@0.3.4 OK for: @firebase/ai@2.13.0 want: 0.3.4
296 silly placeDep ROOT @firebase/component@0.7.3 OK for: @firebase/ai@2.13.0 want: 0.7.3
297 silly placeDep ROOT @firebase/logger@0.5.1 OK for: @firebase/ai@2.13.0 want: 0.5.1
298 silly placeDep ROOT @firebase/analytics-types@0.8.4 OK for: @firebase/analytics-compat@0.2.28 want: 0.8.4
299 silly placeDep ROOT idb@7.1.1 OK for: @firebase/app@0.14.13 want: 7.1.1
300 silly placeDep ROOT @firebase/app-check-types@0.5.4 OK for: @firebase/app-check-compat@0.4.4 want: 0.5.4
301 silly fetch manifest @firebase/app@0.x
302 silly packumentCache full:https://registry.npmjs.org/@firebase%2fapp cache-miss
303 http cache https://registry.npmjs.org/@firebase%2fapp 60ms (cache hit)
304 silly packumentCache full:https://registry.npmjs.org/@firebase%2fapp set size:15030311 disposed:false
305 silly fetch manifest @firebase/app-types@0.x
306 silly packumentCache full:https://registry.npmjs.org/@firebase%2fapp-types cache-miss
307 http cache https://registry.npmjs.org/@firebase%2fapp-types 31ms (cache hit)
308 silly packumentCache full:https://registry.npmjs.org/@firebase%2fapp-types set size:8587124 disposed:false
309 silly placeDep node_modules/@firebase/auth-compat @firebase/auth@1.13.2 OK for: @firebase/auth-compat@0.6.7 want: 1.13.2
310 silly placeDep ROOT @firebase/auth-types@0.13.1 OK for: @firebase/auth-compat@0.6.7 want: 0.13.1
311 silly placeDep ROOT @firebase/auth-interop-types@0.2.5 OK for: @firebase/data-connect@0.7.1 want: 0.2.5
312 silly placeDep ROOT faye-websocket@0.11.4 OK for: @firebase/database@1.1.3 want: 0.11.4
313 silly fetch manifest websocket-driver@>=0.5.1
314 silly packumentCache full:https://registry.npmjs.org/websocket-driver cache-miss
315 http fetch GET 200 https://registry.npmjs.org/websocket-driver 53ms (cache miss)
316 silly packumentCache full:https://registry.npmjs.org/websocket-driver set size:undefined disposed:false
317 silly placeDep ROOT @firebase/database-types@1.0.20 OK for: @firebase/database-compat@2.1.4 want: 1.0.20
318 silly placeDep ROOT @firebase/webchannel-wrapper@1.0.6 OK for: @firebase/firestore@4.15.0 want: 1.0.6
319 silly placeDep ROOT @grpc/grpc-js@1.9.16 OK for: @firebase/firestore@4.15.0 want: ~1.9.0
320 silly placeDep ROOT @grpc/proto-loader@0.7.15 OK for: @firebase/firestore@4.15.0 want: ^0.7.8
321 silly fetch manifest long@^5.0.0
322 silly packumentCache full:https://registry.npmjs.org/long cache-miss
323 silly fetch manifest yargs@^17.7.2
324 silly packumentCache full:https://registry.npmjs.org/yargs cache-miss
325 silly fetch manifest protobufjs@^7.2.5
326 silly packumentCache full:https://registry.npmjs.org/protobufjs cache-miss
327 silly fetch manifest lodash.camelcase@^4.3.0
328 silly packumentCache full:https://registry.npmjs.org/lodash.camelcase cache-miss
329 http fetch GET 200 https://registry.npmjs.org/lodash.camelcase 44ms (cache miss)
330 silly packumentCache full:https://registry.npmjs.org/lodash.camelcase set size:undefined disposed:false
331 http fetch GET 200 https://registry.npmjs.org/long 71ms (cache miss)
332 silly packumentCache full:https://registry.npmjs.org/long set size:undefined disposed:false
333 http fetch GET 200 https://registry.npmjs.org/yargs 99ms (cache miss)
334 silly packumentCache full:https://registry.npmjs.org/yargs set size:undefined disposed:false
335 http fetch GET 200 https://registry.npmjs.org/protobufjs 125ms (cache miss)
336 silly packumentCache full:https://registry.npmjs.org/protobufjs set size:undefined disposed:false
337 silly placeDep ROOT @firebase/firestore-types@3.0.4 OK for: @firebase/firestore-compat@0.4.10 want: 3.0.4
338 silly placeDep ROOT @firebase/messaging-interop-types@0.2.5 OK for: @firebase/functions@0.13.5 want: 0.2.5
339 silly placeDep ROOT @firebase/functions-types@0.6.4 OK for: @firebase/functions-compat@0.4.5 want: 0.6.4
340 silly placeDep ROOT @firebase/installations-types@0.5.4 OK for: @firebase/installations-compat@0.2.22 want: 0.5.4
341 silly placeDep ROOT web-vitals@4.2.4 OK for: @firebase/performance@0.7.12 want: ^4.2.4
342 silly placeDep ROOT @firebase/performance-types@0.2.4 OK for: @firebase/performance-compat@0.2.25 want: 0.2.4
343 silly placeDep ROOT @firebase/remote-config-types@0.5.1 OK for: @firebase/remote-config-compat@0.2.25 want: 0.5.1
344 silly placeDep ROOT @firebase/storage-types@0.8.4 OK for: @firebase/storage-compat@0.4.3 want: 0.8.4
345 silly placeDep ROOT lodash.camelcase@4.3.0 OK for: @grpc/proto-loader@0.7.15 want: ^4.3.0
346 silly placeDep ROOT long@5.3.2 OK for: @grpc/proto-loader@0.7.15 want: ^5.0.0
347 silly placeDep ROOT protobufjs@7.6.3 OK for: @grpc/proto-loader@0.7.15 want: ^7.2.5
348 silly placeDep ROOT yargs@17.7.2 OK for: @grpc/proto-loader@0.7.15 want: ^17.7.2
349 silly fetch manifest @protobufjs/path@^1.1.2
350 silly packumentCache full:https://registry.npmjs.org/@protobufjs%2fpath cache-miss
351 silly fetch manifest @protobufjs/pool@^1.1.0
352 silly packumentCache full:https://registry.npmjs.org/@protobufjs%2fpool cache-miss
353 silly fetch manifest @protobufjs/utf8@^1.1.1
354 silly packumentCache full:https://registry.npmjs.org/@protobufjs%2futf8 cache-miss
355 silly fetch manifest @protobufjs/fetch@^1.1.1
356 silly packumentCache full:https://registry.npmjs.org/@protobufjs%2ffetch cache-miss
357 silly fetch manifest @protobufjs/float@^1.0.2
358 silly packumentCache full:https://registry.npmjs.org/@protobufjs%2ffloat cache-miss
359 silly fetch manifest @protobufjs/base64@^1.1.2
360 silly packumentCache full:https://registry.npmjs.org/@protobufjs%2fbase64 cache-miss
361 silly fetch manifest @protobufjs/codegen@^2.0.5
362 silly packumentCache full:https://registry.npmjs.org/@protobufjs%2fcodegen cache-miss
363 http fetch GET 200 https://registry.npmjs.org/@protobufjs%2fpool 60ms (cache miss)
364 silly packumentCache full:https://registry.npmjs.org/@protobufjs%2fpool set size:undefined disposed:false
365 silly fetch manifest @protobufjs/inquire@^1.1.2
366 silly packumentCache full:https://registry.npmjs.org/@protobufjs%2finquire cache-miss
367 http fetch GET 200 https://registry.npmjs.org/@protobufjs%2futf8 61ms (cache miss)
368 silly packumentCache full:https://registry.npmjs.org/@protobufjs%2futf8 set size:undefined disposed:false
369 silly fetch manifest @protobufjs/aspromise@^1.1.2
370 silly packumentCache full:https://registry.npmjs.org/@protobufjs%2faspromise cache-miss
371 http fetch GET 200 https://registry.npmjs.org/@protobufjs%2ffloat 74ms (cache miss)
372 silly packumentCache full:https://registry.npmjs.org/@protobufjs%2ffloat set size:undefined disposed:false
373 silly fetch manifest @protobufjs/eventemitter@^1.1.1
374 silly packumentCache full:https://registry.npmjs.org/@protobufjs%2feventemitter cache-miss
375 http fetch GET 200 https://registry.npmjs.org/@protobufjs%2ffetch 79ms (cache miss)
376 silly packumentCache full:https://registry.npmjs.org/@protobufjs%2ffetch set size:undefined disposed:false
377 silly fetch manifest y18n@^5.0.5
378 silly packumentCache full:https://registry.npmjs.org/y18n cache-miss
379 http fetch GET 200 https://registry.npmjs.org/@protobufjs%2fcodegen 82ms (cache miss)
380 silly packumentCache full:https://registry.npmjs.org/@protobufjs%2fcodegen set size:undefined disposed:false
381 silly fetch manifest cliui@^8.0.1
382 silly packumentCache full:https://registry.npmjs.org/cliui cache-miss
383 http fetch GET 200 https://registry.npmjs.org/@protobufjs%2fpath 89ms (cache miss)
384 silly packumentCache full:https://registry.npmjs.org/@protobufjs%2fpath set size:undefined disposed:false
385 silly fetch manifest escalade@^3.1.1
386 silly packumentCache full:https://registry.npmjs.org/escalade cache-miss
387 http fetch GET 200 https://registry.npmjs.org/@protobufjs%2fbase64 101ms (cache miss)
388 silly packumentCache full:https://registry.npmjs.org/@protobufjs%2fbase64 set size:undefined disposed:false
389 silly fetch manifest string-width@^4.2.3
390 silly packumentCache full:https://registry.npmjs.org/string-width cache-miss
391 http fetch GET 200 https://registry.npmjs.org/@protobufjs%2faspromise 56ms (cache miss)
392 silly packumentCache full:https://registry.npmjs.org/@protobufjs%2faspromise set size:undefined disposed:false
393 silly fetch manifest yargs-parser@^21.1.1
394 silly packumentCache full:https://registry.npmjs.org/yargs-parser cache-miss
395 http fetch GET 200 https://registry.npmjs.org/@protobufjs%2finquire 67ms (cache miss)
396 silly packumentCache full:https://registry.npmjs.org/@protobufjs%2finquire set size:undefined disposed:false
397 silly fetch manifest get-caller-file@^2.0.5
398 silly packumentCache full:https://registry.npmjs.org/get-caller-file cache-miss
399 http fetch GET 200 https://registry.npmjs.org/y18n 67ms (cache miss)
400 silly packumentCache full:https://registry.npmjs.org/y18n set size:undefined disposed:false
401 silly fetch manifest require-directory@^2.1.1
402 silly packumentCache full:https://registry.npmjs.org/require-directory cache-miss
403 http fetch GET 200 https://registry.npmjs.org/@protobufjs%2feventemitter 82ms (cache miss)
404 silly packumentCache full:https://registry.npmjs.org/@protobufjs%2feventemitter set size:undefined disposed:false
405 http fetch GET 200 https://registry.npmjs.org/cliui 85ms (cache miss)
406 silly packumentCache full:https://registry.npmjs.org/cliui set size:undefined disposed:false
407 http fetch GET 200 https://registry.npmjs.org/escalade 89ms (cache miss)
408 silly packumentCache full:https://registry.npmjs.org/escalade set size:undefined disposed:false
409 http fetch GET 200 https://registry.npmjs.org/string-width 75ms (cache miss)
410 silly packumentCache full:https://registry.npmjs.org/string-width set size:undefined disposed:false
411 http fetch GET 200 https://registry.npmjs.org/get-caller-file 56ms (cache miss)
412 silly packumentCache full:https://registry.npmjs.org/get-caller-file set size:undefined disposed:false
413 http fetch GET 200 https://registry.npmjs.org/require-directory 45ms (cache miss)
414 silly packumentCache full:https://registry.npmjs.org/require-directory set size:undefined disposed:false
415 http fetch GET 200 https://registry.npmjs.org/yargs-parser 90ms (cache miss)
416 silly packumentCache full:https://registry.npmjs.org/yargs-parser set size:undefined disposed:false
417 silly placeDep ROOT websocket-driver@0.7.5 OK for: faye-websocket@0.11.4 want: >=0.5.1
418 silly fetch manifest http-parser-js@>=0.5.1
419 silly packumentCache full:https://registry.npmjs.org/http-parser-js cache-miss
420 silly fetch manifest safe-buffer@>=5.1.0
421 silly packumentCache full:https://registry.npmjs.org/safe-buffer cache-miss
422 silly fetch manifest websocket-extensions@>=0.1.1
423 silly packumentCache full:https://registry.npmjs.org/websocket-extensions cache-miss
424 http fetch GET 200 https://registry.npmjs.org/websocket-extensions 41ms (cache miss)
425 silly packumentCache full:https://registry.npmjs.org/websocket-extensions set size:undefined disposed:false
426 http fetch GET 200 https://registry.npmjs.org/safe-buffer 54ms (cache miss)
427 silly packumentCache full:https://registry.npmjs.org/safe-buffer set size:undefined disposed:false
428 http fetch GET 200 https://registry.npmjs.org/http-parser-js 65ms (cache miss)
429 silly packumentCache full:https://registry.npmjs.org/http-parser-js set size:undefined disposed:false
430 silly placeDep ROOT @protobufjs/aspromise@1.1.2 OK for: protobufjs@7.6.3 want: ^1.1.2
431 silly placeDep ROOT @protobufjs/base64@1.1.2 OK for: protobufjs@7.6.3 want: ^1.1.2
432 silly placeDep ROOT @protobufjs/codegen@2.0.5 OK for: protobufjs@7.6.3 want: ^2.0.5
433 silly placeDep ROOT @protobufjs/eventemitter@1.1.1 OK for: protobufjs@7.6.3 want: ^1.1.1
434 silly placeDep ROOT @protobufjs/fetch@1.1.1 OK for: protobufjs@7.6.3 want: ^1.1.1
435 silly placeDep ROOT @protobufjs/float@1.0.2 OK for: protobufjs@7.6.3 want: ^1.0.2
436 silly placeDep ROOT @protobufjs/inquire@1.1.2 OK for: protobufjs@7.6.3 want: ^1.1.2
437 silly placeDep ROOT @protobufjs/path@1.1.2 OK for: protobufjs@7.6.3 want: ^1.1.2
438 silly placeDep ROOT @protobufjs/pool@1.1.0 OK for: protobufjs@7.6.3 want: ^1.1.0
439 silly placeDep ROOT @protobufjs/utf8@1.1.1 OK for: protobufjs@7.6.3 want: ^1.1.1
440 silly placeDep ROOT http-parser-js@0.5.10 OK for: websocket-driver@0.7.5 want: >=0.5.1
441 silly placeDep ROOT safe-buffer@5.2.1 OK for: websocket-driver@0.7.5 want: >=5.1.0
442 silly placeDep ROOT websocket-extensions@0.1.4 OK for: websocket-driver@0.7.5 want: >=0.1.1
443 silly placeDep ROOT cliui@8.0.1 OK for: yargs@17.7.2 want: ^8.0.1
444 silly placeDep ROOT escalade@3.2.0 OK for: yargs@17.7.2 want: ^3.1.1
445 silly placeDep ROOT get-caller-file@2.0.5 OK for: yargs@17.7.2 want: ^2.0.5
446 silly placeDep ROOT require-directory@2.1.1 OK for: yargs@17.7.2 want: ^2.1.1
447 silly placeDep ROOT string-width@4.2.3 OK for: yargs@17.7.2 want: ^4.2.3
448 silly placeDep ROOT y18n@5.0.8 OK for: yargs@17.7.2 want: ^5.0.5
449 silly placeDep ROOT yargs-parser@21.1.1 OK for: yargs@17.7.2 want: ^21.1.1
450 silly fetch manifest wrap-ansi@^7.0.0
451 silly packumentCache full:https://registry.npmjs.org/wrap-ansi cache-miss
452 silly fetch manifest strip-ansi@^6.0.1
453 silly packumentCache full:https://registry.npmjs.org/strip-ansi cache-miss
454 silly fetch manifest string-width@^4.2.0
455 silly packumentCache full:https://registry.npmjs.org/string-width cache-miss
456 silly fetch manifest strip-ansi@^6.0.1
457 silly packumentCache full:https://registry.npmjs.org/strip-ansi cache-miss
458 silly fetch manifest emoji-regex@^8.0.0
459 silly packumentCache full:https://registry.npmjs.org/emoji-regex cache-miss
460 silly fetch manifest is-fullwidth-code-point@^3.0.0
461 silly packumentCache full:https://registry.npmjs.org/is-fullwidth-code-point cache-miss
462 http cache https://registry.npmjs.org/string-width 10ms (cache hit)
463 silly packumentCache full:https://registry.npmjs.org/string-width set size:70381 disposed:false
464 http fetch GET 200 https://registry.npmjs.org/wrap-ansi 58ms (cache miss)
465 silly packumentCache full:https://registry.npmjs.org/wrap-ansi set size:undefined disposed:false
466 http fetch GET 200 https://registry.npmjs.org/is-fullwidth-code-point 59ms (cache miss)
467 silly packumentCache full:https://registry.npmjs.org/is-fullwidth-code-point set size:undefined disposed:false
468 http fetch GET 200 https://registry.npmjs.org/emoji-regex 63ms (cache miss)
469 silly packumentCache full:https://registry.npmjs.org/emoji-regex set size:undefined disposed:false
470 http fetch GET 200 https://registry.npmjs.org/strip-ansi 70ms (cache miss)
471 silly packumentCache full:https://registry.npmjs.org/strip-ansi set size:undefined disposed:false
472 http fetch GET 200 https://registry.npmjs.org/strip-ansi 71ms (cache miss)
473 silly packumentCache full:https://registry.npmjs.org/strip-ansi set size:undefined disposed:false
474 silly placeDep ROOT strip-ansi@6.0.1 OK for: cliui@8.0.1 want: ^6.0.1
475 silly placeDep ROOT wrap-ansi@7.0.0 OK for: cliui@8.0.1 want: ^7.0.0
476 silly fetch manifest ansi-regex@^5.0.1
477 silly packumentCache full:https://registry.npmjs.org/ansi-regex cache-miss
478 silly fetch manifest ansi-styles@^4.0.0
479 silly packumentCache full:https://registry.npmjs.org/ansi-styles cache-miss
480 http fetch GET 200 https://registry.npmjs.org/ansi-regex 47ms (cache miss)
481 silly packumentCache full:https://registry.npmjs.org/ansi-regex set size:undefined disposed:false
482 http fetch GET 200 https://registry.npmjs.org/ansi-styles 56ms (cache miss)
483 silly packumentCache full:https://registry.npmjs.org/ansi-styles set size:undefined disposed:false
484 silly placeDep ROOT emoji-regex@8.0.0 OK for: string-width@4.2.3 want: ^8.0.0
485 silly placeDep ROOT is-fullwidth-code-point@3.0.0 OK for: string-width@4.2.3 want: ^3.0.0
486 silly placeDep ROOT ansi-regex@5.0.1 OK for: strip-ansi@6.0.1 want: ^5.0.1
487 silly placeDep ROOT ansi-styles@4.3.0 OK for: wrap-ansi@7.0.0 want: ^4.0.0
488 silly fetch manifest color-convert@^2.0.1
489 silly packumentCache full:https://registry.npmjs.org/color-convert cache-miss
490 http fetch GET 200 https://registry.npmjs.org/color-convert 38ms (cache miss)
491 silly packumentCache full:https://registry.npmjs.org/color-convert set size:undefined disposed:false
492 silly placeDep ROOT color-convert@2.0.1 OK for: ansi-styles@4.3.0 want: ^2.0.1
493 silly fetch manifest color-name@~1.1.4
494 silly packumentCache full:https://registry.npmjs.org/color-name cache-miss
495 http fetch GET 200 https://registry.npmjs.org/color-name 40ms (cache miss)
496 silly packumentCache full:https://registry.npmjs.org/color-name set size:undefined disposed:false
497 silly placeDep ROOT color-name@1.1.4 OK for: color-convert@2.0.1 want: ~1.1.4
498 silly reify moves {}
499 http cache ansi-styles@https://registry.npmjs.org/ansi-styles/-/ansi-styles-4.3.0.tgz 0ms (cache hit)
500 http cache color-name@https://registry.npmjs.org/color-name/-/color-name-1.1.4.tgz 0ms (cache hit)
501 http cache color-convert@https://registry.npmjs.org/color-convert/-/color-convert-2.0.1.tgz 0ms (cache hit)
502 http cache ansi-regex@https://registry.npmjs.org/ansi-regex/-/ansi-regex-5.0.1.tgz 0ms (cache hit)
503 http cache is-fullwidth-code-point@https://registry.npmjs.org/is-fullwidth-code-point/-/is-fullwidth-code-point-3.0.0.tgz 0ms (cache hit)
504 http cache strip-ansi@https://registry.npmjs.org/strip-ansi/-/strip-ansi-6.0.1.tgz 0ms (cache hit)
505 http cache emoji-regex@https://registry.npmjs.org/emoji-regex/-/emoji-regex-8.0.0.tgz 0ms (cache hit)
506 http cache yargs-parser@https://registry.npmjs.org/yargs-parser/-/yargs-parser-21.1.1.tgz 0ms (cache hit)
507 http cache wrap-ansi@https://registry.npmjs.org/wrap-ansi/-/wrap-ansi-7.0.0.tgz 0ms (cache hit)
508 http cache y18n@https://registry.npmjs.org/y18n/-/y18n-5.0.8.tgz 0ms (cache hit)
509 http cache require-directory@https://registry.npmjs.org/require-directory/-/require-directory-2.1.1.tgz 0ms (cache hit)
510 http cache string-width@https://registry.npmjs.org/string-width/-/string-width-4.2.3.tgz 0ms (cache hit)
511 http cache get-caller-file@https://registry.npmjs.org/get-caller-file/-/get-caller-file-2.0.5.tgz 0ms (cache hit)
512 http cache cliui@https://registry.npmjs.org/cliui/-/cliui-8.0.1.tgz 0ms (cache hit)
513 http cache http-parser-js@https://registry.npmjs.org/http-parser-js/-/http-parser-js-0.5.10.tgz 0ms (cache hit)
514 http cache escalade@https://registry.npmjs.org/escalade/-/escalade-3.2.0.tgz 0ms (cache hit)
515 http cache websocket-extensions@https://registry.npmjs.org/websocket-extensions/-/websocket-extensions-0.1.4.tgz 0ms (cache hit)
516 http cache @protobufjs/utf8@https://registry.npmjs.org/@protobufjs/utf8/-/utf8-1.1.1.tgz 0ms (cache hit)
517 http cache @protobufjs/path@https://registry.npmjs.org/@protobufjs/path/-/path-1.1.2.tgz 0ms (cache hit)
518 http cache @protobufjs/inquire@https://registry.npmjs.org/@protobufjs/inquire/-/inquire-1.1.2.tgz 0ms (cache hit)
519 http cache safe-buffer@https://registry.npmjs.org/safe-buffer/-/safe-buffer-5.2.1.tgz 0ms (cache hit)
520 http cache @protobufjs/float@https://registry.npmjs.org/@protobufjs/float/-/float-1.0.2.tgz 0ms (cache hit)
521 http cache @protobufjs/pool@https://registry.npmjs.org/@protobufjs/pool/-/pool-1.1.0.tgz 0ms (cache hit)
522 http cache @protobufjs/fetch@https://registry.npmjs.org/@protobufjs/fetch/-/fetch-1.1.1.tgz 0ms (cache hit)
523 http cache @protobufjs/base64@https://registry.npmjs.org/@protobufjs/base64/-/base64-1.1.2.tgz 0ms (cache hit)
524 http cache @protobufjs/eventemitter@https://registry.npmjs.org/@protobufjs/eventemitter/-/eventemitter-1.1.1.tgz 0ms (cache hit)
525 http cache @protobufjs/codegen@https://registry.npmjs.org/@protobufjs/codegen/-/codegen-2.0.5.tgz 0ms (cache hit)
526 http cache @protobufjs/aspromise@https://registry.npmjs.org/@protobufjs/aspromise/-/aspromise-1.1.2.tgz 0ms (cache hit)
527 http cache websocket-driver@https://registry.npmjs.org/websocket-driver/-/websocket-driver-0.7.5.tgz 0ms (cache hit)
528 http cache yargs@https://registry.npmjs.org/yargs/-/yargs-17.7.2.tgz 0ms (cache hit)
529 http cache protobufjs@https://registry.npmjs.org/protobufjs/-/protobufjs-7.6.3.tgz 0ms (cache hit)
530 http cache long@https://registry.npmjs.org/long/-/long-5.3.2.tgz 0ms (cache hit)
531 http cache lodash.camelcase@https://registry.npmjs.org/lodash.camelcase/-/lodash.camelcase-4.3.0.tgz 0ms (cache hit)
532 http cache @firebase/storage-types@https://registry.npmjs.org/@firebase/storage-types/-/storage-types-0.8.4.tgz 0ms (cache hit)
533 http cache @firebase/performance-types@https://registry.npmjs.org/@firebase/performance-types/-/performance-types-0.2.4.tgz 0ms (cache hit)
534 http cache @firebase/remote-config-types@https://registry.npmjs.org/@firebase/remote-config-types/-/remote-config-types-0.5.1.tgz 0ms (cache hit)
535 http cache @firebase/installations-types@https://registry.npmjs.org/@firebase/installations-types/-/installations-types-0.5.4.tgz 0ms (cache hit)
536 http cache @firebase/functions-types@https://registry.npmjs.org/@firebase/functions-types/-/functions-types-0.6.4.tgz 0ms (cache hit)
537 http cache @firebase/firestore-types@https://registry.npmjs.org/@firebase/firestore-types/-/firestore-types-3.0.4.tgz 0ms (cache hit)
538 http cache @firebase/messaging-interop-types@https://registry.npmjs.org/@firebase/messaging-interop-types/-/messaging-interop-types-0.2.5.tgz 0ms (cache hit)
539 http cache @grpc/proto-loader@https://registry.npmjs.org/@grpc/proto-loader/-/proto-loader-0.7.15.tgz 0ms (cache hit)
540 http cache @grpc/grpc-js@https://registry.npmjs.org/@grpc/grpc-js/-/grpc-js-1.9.16.tgz 0ms (cache hit)
541 http cache @firebase/database-types@https://registry.npmjs.org/@firebase/database-types/-/database-types-1.0.20.tgz 0ms (cache hit)
542 http cache faye-websocket@https://registry.npmjs.org/faye-websocket/-/faye-websocket-0.11.4.tgz 0ms (cache hit)
543 http cache @firebase/webchannel-wrapper@https://registry.npmjs.org/@firebase/webchannel-wrapper/-/webchannel-wrapper-1.0.6.tgz 0ms (cache hit)
544 http cache @firebase/auth-interop-types@https://registry.npmjs.org/@firebase/auth-interop-types/-/auth-interop-types-0.2.5.tgz 0ms (cache hit)
545 http cache @firebase/auth-types@https://registry.npmjs.org/@firebase/auth-types/-/auth-types-0.13.1.tgz 0ms (cache hit)
546 http cache idb@https://registry.npmjs.org/idb/-/idb-7.1.1.tgz 0ms (cache hit)
547 http cache @firebase/app-check-types@https://registry.npmjs.org/@firebase/app-check-types/-/app-check-types-0.5.4.tgz 0ms (cache hit)
548 http cache @firebase/analytics-types@https://registry.npmjs.org/@firebase/analytics-types/-/analytics-types-0.8.4.tgz 0ms (cache hit)
549 http cache web-vitals@https://registry.npmjs.org/web-vitals/-/web-vitals-4.2.4.tgz 0ms (cache hit)
550 http cache @firebase/logger@https://registry.npmjs.org/@firebase/logger/-/logger-0.5.1.tgz 0ms (cache hit)
551 http cache @firebase/app-check-interop-types@https://registry.npmjs.org/@firebase/app-check-interop-types/-/app-check-interop-types-0.3.4.tgz 0ms (cache hit)
552 http cache @firebase/storage-compat@https://registry.npmjs.org/@firebase/storage-compat/-/storage-compat-0.4.3.tgz 0ms (cache hit)
553 http cache @firebase/util@https://registry.npmjs.org/@firebase/util/-/util-1.15.1.tgz 0ms (cache hit)
554 http cache @firebase/storage@https://registry.npmjs.org/@firebase/storage/-/storage-0.14.3.tgz 0ms (cache hit)
555 http cache @firebase/remote-config-compat@https://registry.npmjs.org/@firebase/remote-config-compat/-/remote-config-compat-0.2.25.tgz 0ms (cache hit)
556 http cache @firebase/component@https://registry.npmjs.org/@firebase/component/-/component-0.7.3.tgz 0ms (cache hit)
557 http cache @firebase/performance-compat@https://registry.npmjs.org/@firebase/performance-compat/-/performance-compat-0.2.25.tgz 0ms (cache hit)
558 http cache @firebase/remote-config@https://registry.npmjs.org/@firebase/remote-config/-/remote-config-0.8.4.tgz 0ms (cache hit)
559 http cache @firebase/performance@https://registry.npmjs.org/@firebase/performance/-/performance-0.7.12.tgz 0ms (cache hit)
560 http cache @firebase/messaging-compat@https://registry.npmjs.org/@firebase/messaging-compat/-/messaging-compat-0.2.27.tgz 0ms (cache hit)
561 http cache @firebase/messaging@https://registry.npmjs.org/@firebase/messaging/-/messaging-0.13.0.tgz 0ms (cache hit)
562 http cache @firebase/installations-compat@https://registry.npmjs.org/@firebase/installations-compat/-/installations-compat-0.2.22.tgz 0ms (cache hit)
563 http cache @firebase/installations@https://registry.npmjs.org/@firebase/installations/-/installations-0.6.22.tgz 0ms (cache hit)
564 http cache @firebase/functions-compat@https://registry.npmjs.org/@firebase/functions-compat/-/functions-compat-0.4.5.tgz 0ms (cache hit)
565 http cache @firebase/functions@https://registry.npmjs.org/@firebase/functions/-/functions-0.13.5.tgz 0ms (cache hit)
566 http cache @firebase/firestore@https://registry.npmjs.org/@firebase/firestore/-/firestore-4.15.0.tgz 0ms (cache hit)
567 http cache @firebase/firestore-compat@https://registry.npmjs.org/@firebase/firestore-compat/-/firestore-compat-0.4.10.tgz 0ms (cache hit)
568 http cache @firebase/database-compat@https://registry.npmjs.org/@firebase/database-compat/-/database-compat-2.1.4.tgz 0ms (cache hit)
569 http cache @firebase/database@https://registry.npmjs.org/@firebase/database/-/database-1.1.3.tgz 0ms (cache hit)
570 http cache @firebase/data-connect@https://registry.npmjs.org/@firebase/data-connect/-/data-connect-0.7.1.tgz 0ms (cache hit)
571 http cache @firebase/app-check-compat@https://registry.npmjs.org/@firebase/app-check-compat/-/app-check-compat-0.4.4.tgz 0ms (cache hit)
572 http cache @firebase/auth-compat@https://registry.npmjs.org/@firebase/auth-compat/-/auth-compat-0.6.7.tgz 0ms (cache hit)
573 http cache @firebase/app-check@https://registry.npmjs.org/@firebase/app-check/-/app-check-0.11.4.tgz 0ms (cache hit)
574 http cache @firebase/app-compat@https://registry.npmjs.org/@firebase/app-compat/-/app-compat-0.5.13.tgz 0ms (cache hit)
575 http cache @firebase/analytics-compat@https://registry.npmjs.org/@firebase/analytics-compat/-/analytics-compat-0.2.28.tgz 0ms (cache hit)
576 http cache @firebase/app-types@https://registry.npmjs.org/@firebase/app-types/-/app-types-0.9.5.tgz 0ms (cache hit)
577 http cache @firebase/app@https://registry.npmjs.org/@firebase/app/-/app-0.14.13.tgz 0ms (cache hit)
578 http cache @firebase/ai@https://registry.npmjs.org/@firebase/ai/-/ai-2.13.0.tgz 0ms (cache hit)
579 http cache @firebase/auth@https://registry.npmjs.org/@firebase/auth/-/auth-1.13.2.tgz 0ms (cache hit)
580 http cache firebase@https://registry.npmjs.org/firebase/-/firebase-12.14.0.tgz 0ms (cache hit)
581 http cache @firebase/auth@https://registry.npmjs.org/@firebase/auth/-/auth-1.13.2.tgz 0ms (cache hit)
582 http cache @firebase/analytics@https://registry.npmjs.org/@firebase/analytics/-/analytics-0.10.22.tgz 0ms (cache hit)
583 silly tarball no local data for ansi-styles@https://registry.npmjs.org/ansi-styles/-/ansi-styles-4.3.0.tgz. Extracting by manifest.
584 silly tarball no local data for color-name@https://registry.npmjs.org/color-name/-/color-name-1.1.4.tgz. Extracting by manifest.
585 silly tarball no local data for color-convert@https://registry.npmjs.org/color-convert/-/color-convert-2.0.1.tgz. Extracting by manifest.
586 silly tarball no local data for ansi-regex@https://registry.npmjs.org/ansi-regex/-/ansi-regex-5.0.1.tgz. Extracting by manifest.
587 silly tarball no local data for is-fullwidth-code-point@https://registry.npmjs.org/is-fullwidth-code-point/-/is-fullwidth-code-point-3.0.0.tgz. Extracting by manifest.
588 silly tarball no local data for strip-ansi@https://registry.npmjs.org/strip-ansi/-/strip-ansi-6.0.1.tgz. Extracting by manifest.
589 silly tarball no local data for emoji-regex@https://registry.npmjs.org/emoji-regex/-/emoji-regex-8.0.0.tgz. Extracting by manifest.
590 silly tarball no local data for yargs-parser@https://registry.npmjs.org/yargs-parser/-/yargs-parser-21.1.1.tgz. Extracting by manifest.
591 silly tarball no local data for wrap-ansi@https://registry.npmjs.org/wrap-ansi/-/wrap-ansi-7.0.0.tgz. Extracting by manifest.
592 silly tarball no local data for y18n@https://registry.npmjs.org/y18n/-/y18n-5.0.8.tgz. Extracting by manifest.
593 silly tarball no local data for require-directory@https://registry.npmjs.org/require-directory/-/require-directory-2.1.1.tgz. Extracting by manifest.
594 silly tarball no local data for string-width@https://registry.npmjs.org/string-width/-/string-width-4.2.3.tgz. Extracting by manifest.
595 silly tarball no local data for get-caller-file@https://registry.npmjs.org/get-caller-file/-/get-caller-file-2.0.5.tgz. Extracting by manifest.
596 silly tarball no local data for cliui@https://registry.npmjs.org/cliui/-/cliui-8.0.1.tgz. Extracting by manifest.
597 silly tarball no local data for http-parser-js@https://registry.npmjs.org/http-parser-js/-/http-parser-js-0.5.10.tgz. Extracting by manifest.
598 silly tarball no local data for escalade@https://registry.npmjs.org/escalade/-/escalade-3.2.0.tgz. Extracting by manifest.
599 silly tarball no local data for websocket-extensions@https://registry.npmjs.org/websocket-extensions/-/websocket-extensions-0.1.4.tgz. Extracting by manifest.
600 silly tarball no local data for @protobufjs/utf8@https://registry.npmjs.org/@protobufjs/utf8/-/utf8-1.1.1.tgz. Extracting by manifest.
601 silly tarball no local data for @protobufjs/path@https://registry.npmjs.org/@protobufjs/path/-/path-1.1.2.tgz. Extracting by manifest.
602 silly tarball no local data for @protobufjs/inquire@https://registry.npmjs.org/@protobufjs/inquire/-/inquire-1.1.2.tgz. Extracting by manifest.
603 silly tarball no local data for safe-buffer@https://registry.npmjs.org/safe-buffer/-/safe-buffer-5.2.1.tgz. Extracting by manifest.
604 silly tarball no local data for @protobufjs/float@https://registry.npmjs.org/@protobufjs/float/-/float-1.0.2.tgz. Extracting by manifest.
605 silly tarball no local data for @protobufjs/pool@https://registry.npmjs.org/@protobufjs/pool/-/pool-1.1.0.tgz. Extracting by manifest.
606 silly tarball no local data for @protobufjs/fetch@https://registry.npmjs.org/@protobufjs/fetch/-/fetch-1.1.1.tgz. Extracting by manifest.
607 silly tarball no local data for @protobufjs/base64@https://registry.npmjs.org/@protobufjs/base64/-/base64-1.1.2.tgz. Extracting by manifest.
608 silly tarball no local data for @protobufjs/eventemitter@https://registry.npmjs.org/@protobufjs/eventemitter/-/eventemitter-1.1.1.tgz. Extracting by manifest.
609 silly tarball no local data for @protobufjs/codegen@https://registry.npmjs.org/@protobufjs/codegen/-/codegen-2.0.5.tgz. Extracting by manifest.
610 silly tarball no local data for @protobufjs/aspromise@https://registry.npmjs.org/@protobufjs/aspromise/-/aspromise-1.1.2.tgz. Extracting by manifest.
611 silly tarball no local data for websocket-driver@https://registry.npmjs.org/websocket-driver/-/websocket-driver-0.7.5.tgz. Extracting by manifest.
612 silly tarball no local data for yargs@https://registry.npmjs.org/yargs/-/yargs-17.7.2.tgz. Extracting by manifest.
613 silly tarball no local data for protobufjs@https://registry.npmjs.org/protobufjs/-/protobufjs-7.6.3.tgz. Extracting by manifest.
614 silly tarball no local data for long@https://registry.npmjs.org/long/-/long-5.3.2.tgz. Extracting by manifest.
615 silly tarball no local data for lodash.camelcase@https://registry.npmjs.org/lodash.camelcase/-/lodash.camelcase-4.3.0.tgz. Extracting by manifest.
616 silly tarball no local data for @firebase/storage-types@https://registry.npmjs.org/@firebase/storage-types/-/storage-types-0.8.4.tgz. Extracting by manifest.
617 silly tarball no local data for @firebase/performance-types@https://registry.npmjs.org/@firebase/performance-types/-/performance-types-0.2.4.tgz. Extracting by manifest.
618 silly tarball no local data for @firebase/remote-config-types@https://registry.npmjs.org/@firebase/remote-config-types/-/remote-config-types-0.5.1.tgz. Extracting by manifest.
619 silly tarball no local data for @firebase/installations-types@https://registry.npmjs.org/@firebase/installations-types/-/installations-types-0.5.4.tgz. Extracting by manifest.
620 silly tarball no local data for @firebase/functions-types@https://registry.npmjs.org/@firebase/functions-types/-/functions-types-0.6.4.tgz. Extracting by manifest.
621 silly tarball no local data for @firebase/firestore-types@https://registry.npmjs.org/@firebase/firestore-types/-/firestore-types-3.0.4.tgz. Extracting by manifest.
622 silly tarball no local data for @firebase/messaging-interop-types@https://registry.npmjs.org/@firebase/messaging-interop-types/-/messaging-interop-types-0.2.5.tgz. Extracting by manifest.
623 silly tarball no local data for @grpc/proto-loader@https://registry.npmjs.org/@grpc/proto-loader/-/proto-loader-0.7.15.tgz. Extracting by manifest.
624 silly tarball no local data for @grpc/grpc-js@https://registry.npmjs.org/@grpc/grpc-js/-/grpc-js-1.9.16.tgz. Extracting by manifest.
625 silly tarball no local data for @firebase/database-types@https://registry.npmjs.org/@firebase/database-types/-/database-types-1.0.20.tgz. Extracting by manifest.
626 silly tarball no local data for faye-websocket@https://registry.npmjs.org/faye-websocket/-/faye-websocket-0.11.4.tgz. Extracting by manifest.
627 silly tarball no local data for @firebase/webchannel-wrapper@https://registry.npmjs.org/@firebase/webchannel-wrapper/-/webchannel-wrapper-1.0.6.tgz. Extracting by manifest.
628 silly tarball no local data for @firebase/auth-interop-types@https://registry.npmjs.org/@firebase/auth-interop-types/-/auth-interop-types-0.2.5.tgz. Extracting by manifest.
629 silly tarball no local data for @firebase/auth-types@https://registry.npmjs.org/@firebase/auth-types/-/auth-types-0.13.1.tgz. Extracting by manifest.
630 silly tarball no local data for idb@https://registry.npmjs.org/idb/-/idb-7.1.1.tgz. Extracting by manifest.
631 silly tarball no local data for @firebase/app-check-types@https://registry.npmjs.org/@firebase/app-check-types/-/app-check-types-0.5.4.tgz. Extracting by manifest.
632 silly tarball no local data for @firebase/analytics-types@https://registry.npmjs.org/@firebase/analytics-types/-/analytics-types-0.8.4.tgz. Extracting by manifest.
633 silly tarball no local data for web-vitals@https://registry.npmjs.org/web-vitals/-/web-vitals-4.2.4.tgz. Extracting by manifest.
634 silly tarball no local data for @firebase/logger@https://registry.npmjs.org/@firebase/logger/-/logger-0.5.1.tgz. Extracting by manifest.
635 silly tarball no local data for @firebase/app-check-interop-types@https://registry.npmjs.org/@firebase/app-check-interop-types/-/app-check-interop-types-0.3.4.tgz. Extracting by manifest.
636 silly tarball no local data for @firebase/storage-compat@https://registry.npmjs.org/@firebase/storage-compat/-/storage-compat-0.4.3.tgz. Extracting by manifest.
637 silly tarball no local data for @firebase/util@https://registry.npmjs.org/@firebase/util/-/util-1.15.1.tgz. Extracting by manifest.
638 silly tarball no local data for @firebase/storage@https://registry.npmjs.org/@firebase/storage/-/storage-0.14.3.tgz. Extracting by manifest.
639 silly tarball no local data for @firebase/remote-config-compat@https://registry.npmjs.org/@firebase/remote-config-compat/-/remote-config-compat-0.2.25.tgz. Extracting by manifest.
640 silly tarball no local data for @firebase/component@https://registry.npmjs.org/@firebase/component/-/component-0.7.3.tgz. Extracting by manifest.
641 silly tarball no local data for @firebase/performance-compat@https://registry.npmjs.org/@firebase/performance-compat/-/performance-compat-0.2.25.tgz. Extracting by manifest.
642 silly tarball no local data for @firebase/remote-config@https://registry.npmjs.org/@firebase/remote-config/-/remote-config-0.8.4.tgz. Extracting by manifest.
643 silly tarball no local data for @firebase/performance@https://registry.npmjs.org/@firebase/performance/-/performance-0.7.12.tgz. Extracting by manifest.
644 silly tarball no local data for @firebase/messaging-compat@https://registry.npmjs.org/@firebase/messaging-compat/-/messaging-compat-0.2.27.tgz. Extracting by manifest.
645 silly tarball no local data for @firebase/messaging@https://registry.npmjs.org/@firebase/messaging/-/messaging-0.13.0.tgz. Extracting by manifest.
646 silly tarball no local data for @firebase/installations-compat@https://registry.npmjs.org/@firebase/installations-compat/-/installations-compat-0.2.22.tgz. Extracting by manifest.
647 silly tarball no local data for @firebase/installations@https://registry.npmjs.org/@firebase/installations/-/installations-0.6.22.tgz. Extracting by manifest.
648 silly tarball no local data for @firebase/functions-compat@https://registry.npmjs.org/@firebase/functions-compat/-/functions-compat-0.4.5.tgz. Extracting by manifest.
649 silly tarball no local data for @firebase/functions@https://registry.npmjs.org/@firebase/functions/-/functions-0.13.5.tgz. Extracting by manifest.
650 silly tarball no local data for @firebase/firestore@https://registry.npmjs.org/@firebase/firestore/-/firestore-4.15.0.tgz. Extracting by manifest.
651 silly tarball no local data for @firebase/firestore-compat@https://registry.npmjs.org/@firebase/firestore-compat/-/firestore-compat-0.4.10.tgz. Extracting by manifest.
652 silly tarball no local data for @firebase/database-compat@https://registry.npmjs.org/@firebase/database-compat/-/database-compat-2.1.4.tgz. Extracting by manifest.
653 silly tarball no local data for @firebase/database@https://registry.npmjs.org/@firebase/database/-/database-1.1.3.tgz. Extracting by manifest.
654 silly tarball no local data for @firebase/data-connect@https://registry.npmjs.org/@firebase/data-connect/-/data-connect-0.7.1.tgz. Extracting by manifest.
655 silly tarball no local data for @firebase/app-check-compat@https://registry.npmjs.org/@firebase/app-check-compat/-/app-check-compat-0.4.4.tgz. Extracting by manifest.
656 silly tarball no local data for @firebase/auth-compat@https://registry.npmjs.org/@firebase/auth-compat/-/auth-compat-0.6.7.tgz. Extracting by manifest.
657 silly tarball no local data for @firebase/app-check@https://registry.npmjs.org/@firebase/app-check/-/app-check-0.11.4.tgz. Extracting by manifest.
658 silly tarball no local data for @firebase/app-compat@https://registry.npmjs.org/@firebase/app-compat/-/app-compat-0.5.13.tgz. Extracting by manifest.
659 silly tarball no local data for @firebase/analytics-compat@https://registry.npmjs.org/@firebase/analytics-compat/-/analytics-compat-0.2.28.tgz. Extracting by manifest.
660 silly tarball no local data for @firebase/app-types@https://registry.npmjs.org/@firebase/app-types/-/app-types-0.9.5.tgz. Extracting by manifest.
661 silly tarball no local data for @firebase/app@https://registry.npmjs.org/@firebase/app/-/app-0.14.13.tgz. Extracting by manifest.
662 silly tarball no local data for @firebase/ai@https://registry.npmjs.org/@firebase/ai/-/ai-2.13.0.tgz. Extracting by manifest.
663 silly tarball no local data for @firebase/auth@https://registry.npmjs.org/@firebase/auth/-/auth-1.13.2.tgz. Extracting by manifest.
664 silly tarball no local data for firebase@https://registry.npmjs.org/firebase/-/firebase-12.14.0.tgz. Extracting by manifest.
665 silly tarball no local data for @firebase/auth@https://registry.npmjs.org/@firebase/auth/-/auth-1.13.2.tgz. Extracting by manifest.
666 silly tarball no local data for @firebase/analytics@https://registry.npmjs.org/@firebase/analytics/-/analytics-0.10.22.tgz. Extracting by manifest.
667 http fetch GET 200 https://registry.npmjs.org/color-name/-/color-name-1.1.4.tgz 550ms (cache miss)
668 http fetch GET 200 https://registry.npmjs.org/ansi-styles/-/ansi-styles-4.3.0.tgz 624ms (cache miss)
669 http fetch GET 200 https://registry.npmjs.org/strip-ansi/-/strip-ansi-6.0.1.tgz 621ms (cache miss)
670 http fetch GET 200 https://registry.npmjs.org/color-convert/-/color-convert-2.0.1.tgz 626ms (cache miss)
671 http fetch GET 200 https://registry.npmjs.org/emoji-regex/-/emoji-regex-8.0.0.tgz 625ms (cache miss)
672 http fetch GET 200 https://registry.npmjs.org/ansi-regex/-/ansi-regex-5.0.1.tgz 678ms (cache miss)
673 http fetch GET 200 https://registry.npmjs.org/is-fullwidth-code-point/-/is-fullwidth-code-point-3.0.0.tgz 681ms (cache miss)
674 http fetch GET 200 https://registry.npmjs.org/safe-buffer/-/safe-buffer-5.2.1.tgz 758ms (cache miss)
675 http fetch GET 200 https://registry.npmjs.org/escalade/-/escalade-3.2.0.tgz 790ms (cache miss)
676 http fetch GET 200 https://registry.npmjs.org/@protobufjs/inquire/-/inquire-1.1.2.tgz 798ms (cache miss)
677 http fetch GET 200 https://registry.npmjs.org/@protobufjs/float/-/float-1.0.2.tgz 798ms (cache miss)
678 http fetch GET 200 https://registry.npmjs.org/wrap-ansi/-/wrap-ansi-7.0.0.tgz 850ms (cache miss)
679 http fetch GET 200 https://registry.npmjs.org/@protobufjs/path/-/path-1.1.2.tgz 844ms (cache miss)
680 http fetch GET 200 https://registry.npmjs.org/@protobufjs/pool/-/pool-1.1.0.tgz 855ms (cache miss)
681 http fetch GET 200 https://registry.npmjs.org/string-width/-/string-width-4.2.3.tgz 882ms (cache miss)
682 http fetch GET 200 https://registry.npmjs.org/@protobufjs/eventemitter/-/eventemitter-1.1.1.tgz 871ms (cache miss)
683 http fetch GET 200 https://registry.npmjs.org/@protobufjs/base64/-/base64-1.1.2.tgz 887ms (cache miss)
684 http fetch GET 200 https://registry.npmjs.org/@protobufjs/fetch/-/fetch-1.1.1.tgz 889ms (cache miss)
685 http fetch GET 200 https://registry.npmjs.org/get-caller-file/-/get-caller-file-2.0.5.tgz 907ms (cache miss)
686 http fetch GET 200 https://registry.npmjs.org/@firebase/functions-types/-/functions-types-0.6.4.tgz 887ms (cache miss)
687 http fetch GET 200 https://registry.npmjs.org/@firebase/storage-types/-/storage-types-0.8.4.tgz 897ms (cache miss)
688 http fetch GET 200 https://registry.npmjs.org/@firebase/messaging-interop-types/-/messaging-interop-types-0.2.5.tgz 901ms (cache miss)
689 http fetch GET 200 https://registry.npmjs.org/@protobufjs/aspromise/-/aspromise-1.1.2.tgz 922ms (cache miss)
690 http fetch GET 200 https://registry.npmjs.org/@protobufjs/codegen/-/codegen-2.0.5.tgz 939ms (cache miss)
691 http fetch GET 200 https://registry.npmjs.org/@firebase/installations-types/-/installations-types-0.5.4.tgz 972ms (cache miss)
692 http fetch GET 200 https://registry.npmjs.org/require-directory/-/require-directory-2.1.1.tgz 1004ms (cache miss)
693 http fetch GET 200 https://registry.npmjs.org/@firebase/performance-types/-/performance-types-0.2.4.tgz 998ms (cache miss)
694 http fetch GET 200 https://registry.npmjs.org/@firebase/database-types/-/database-types-1.0.20.tgz 998ms (cache miss)
695 http fetch GET 200 https://registry.npmjs.org/@firebase/remote-config-types/-/remote-config-types-0.5.1.tgz 1007ms (cache miss)
696 http fetch GET 200 https://registry.npmjs.org/http-parser-js/-/http-parser-js-0.5.10.tgz 1035ms (cache miss)
697 http fetch GET 200 https://registry.npmjs.org/@firebase/firestore-types/-/firestore-types-3.0.4.tgz 1015ms (cache miss)
698 http fetch GET 200 https://registry.npmjs.org/@firebase/auth-types/-/auth-types-0.13.1.tgz 1010ms (cache miss)
699 http fetch GET 200 https://registry.npmjs.org/@firebase/analytics-types/-/analytics-types-0.8.4.tgz 1010ms (cache miss)
700 http fetch GET 200 https://registry.npmjs.org/@firebase/auth-interop-types/-/auth-interop-types-0.2.5.tgz 1017ms (cache miss)
701 http fetch GET 200 https://registry.npmjs.org/lodash.camelcase/-/lodash.camelcase-4.3.0.tgz 1029ms (cache miss)
702 http fetch GET 200 https://registry.npmjs.org/@firebase/app-check-types/-/app-check-types-0.5.4.tgz 1027ms (cache miss)
703 http fetch GET 200 https://registry.npmjs.org/@firebase/app-check-interop-types/-/app-check-interop-types-0.3.4.tgz 1040ms (cache miss)
704 http fetch GET 200 https://registry.npmjs.org/@firebase/logger/-/logger-0.5.1.tgz 1045ms (cache miss)
705 http fetch GET 200 https://registry.npmjs.org/@protobufjs/utf8/-/utf8-1.1.1.tgz 1108ms (cache miss)
706 http fetch GET 200 https://registry.npmjs.org/@firebase/performance-compat/-/performance-compat-0.2.25.tgz 1236ms (cache miss)
707 http fetch GET 200 https://registry.npmjs.org/@firebase/remote-config-compat/-/remote-config-compat-0.2.25.tgz 1244ms (cache miss)
708 http fetch GET 200 https://registry.npmjs.org/cliui/-/cliui-8.0.1.tgz 1283ms (cache miss)
709 http fetch GET 200 https://registry.npmjs.org/y18n/-/y18n-5.0.8.tgz 1367ms (cache miss)
710 http fetch GET 200 https://registry.npmjs.org/@firebase/component/-/component-0.7.3.tgz 1455ms (cache miss)
711 http fetch GET 200 https://registry.npmjs.org/long/-/long-5.3.2.tgz 1698ms (cache miss)
712 http fetch GET 200 https://registry.npmjs.org/@firebase/functions-compat/-/functions-compat-0.4.5.tgz 1706ms (cache miss)
713 http fetch GET 200 https://registry.npmjs.org/websocket-extensions/-/websocket-extensions-0.1.4.tgz 1753ms (cache miss)
714 http fetch GET 200 https://registry.npmjs.org/@firebase/app-types/-/app-types-0.9.5.tgz 1728ms (cache miss)
715 http fetch GET 200 https://registry.npmjs.org/faye-websocket/-/faye-websocket-0.11.4.tgz 1768ms (cache miss)
716 http fetch GET 200 https://registry.npmjs.org/@firebase/app-check-compat/-/app-check-compat-0.4.4.tgz 1756ms (cache miss)
717 http fetch GET 200 https://registry.npmjs.org/@grpc/proto-loader/-/proto-loader-0.7.15.tgz 1800ms (cache miss)
718 http fetch GET 200 https://registry.npmjs.org/yargs-parser/-/yargs-parser-21.1.1.tgz 1853ms (cache miss)
719 http fetch GET 200 https://registry.npmjs.org/idb/-/idb-7.1.1.tgz 1982ms (cache miss)
720 http fetch GET 200 https://registry.npmjs.org/websocket-driver/-/websocket-driver-0.7.5.tgz 2083ms (cache miss)
721 http fetch GET 200 https://registry.npmjs.org/@firebase/messaging-compat/-/messaging-compat-0.2.27.tgz 2123ms (cache miss)
722 http fetch GET 200 https://registry.npmjs.org/@firebase/installations-compat/-/installations-compat-0.2.22.tgz 2147ms (cache miss)
723 http fetch GET 200 https://registry.npmjs.org/@firebase/webchannel-wrapper/-/webchannel-wrapper-1.0.6.tgz 2269ms (cache miss)
724 http fetch GET 200 https://registry.npmjs.org/@firebase/functions/-/functions-0.13.5.tgz 2507ms (cache miss)
725 http fetch GET 200 https://registry.npmjs.org/@firebase/storage-compat/-/storage-compat-0.4.3.tgz 2774ms (cache miss)
726 http fetch GET 200 https://registry.npmjs.org/yargs/-/yargs-17.7.2.tgz 3162ms (cache miss)
727 http fetch GET 200 https://registry.npmjs.org/@firebase/analytics-compat/-/analytics-compat-0.2.28.tgz 3669ms (cache miss)
728 http fetch GET 200 https://registry.npmjs.org/@firebase/performance/-/performance-0.7.12.tgz 3686ms (cache miss)
729 http fetch GET 200 https://registry.npmjs.org/@firebase/remote-config/-/remote-config-0.8.4.tgz 3788ms (cache miss)
730 http fetch GET 200 https://registry.npmjs.org/@firebase/analytics/-/analytics-0.10.22.tgz 3866ms (cache miss)
731 http fetch GET 200 https://registry.npmjs.org/@firebase/app-check/-/app-check-0.11.4.tgz 3906ms (cache miss)
732 http fetch GET 200 https://registry.npmjs.org/protobufjs/-/protobufjs-7.6.3.tgz 4081ms (cache miss)
733 http fetch GET 200 https://registry.npmjs.org/@firebase/installations/-/installations-0.6.22.tgz 4090ms (cache miss)
734 http fetch GET 200 https://registry.npmjs.org/@firebase/database-compat/-/database-compat-2.1.4.tgz 4117ms (cache miss)
735 http fetch GET 200 https://registry.npmjs.org/@firebase/app-compat/-/app-compat-0.5.13.tgz 4140ms (cache miss)
736 http fetch GET 200 https://registry.npmjs.org/@firebase/auth-compat/-/auth-compat-0.6.7.tgz 4157ms (cache miss)
737 http fetch GET 200 https://registry.npmjs.org/@firebase/firestore-compat/-/firestore-compat-0.4.10.tgz 4232ms (cache miss)
738 http fetch GET 200 https://registry.npmjs.org/@firebase/util/-/util-1.15.1.tgz 4312ms (cache miss)
739 http fetch GET 200 https://registry.npmjs.org/@firebase/data-connect/-/data-connect-0.7.1.tgz 4585ms (cache miss)
740 http fetch GET 200 https://registry.npmjs.org/@firebase/storage/-/storage-0.14.3.tgz 4716ms (cache miss)
741 http fetch GET 200 https://registry.npmjs.org/web-vitals/-/web-vitals-4.2.4.tgz 4973ms (cache miss)
742 http fetch GET 200 https://registry.npmjs.org/@firebase/messaging/-/messaging-0.13.0.tgz 5011ms (cache miss)
743 http fetch GET 200 https://registry.npmjs.org/@firebase/ai/-/ai-2.13.0.tgz 5116ms (cache miss)
744 http fetch GET 200 https://registry.npmjs.org/@firebase/app/-/app-0.14.13.tgz 5411ms (cache miss)
745 http fetch GET 200 https://registry.npmjs.org/@firebase/database/-/database-1.1.3.tgz 6727ms (cache miss)
746 http fetch GET 200 https://registry.npmjs.org/@grpc/grpc-js/-/grpc-js-1.9.16.tgz 11283ms (cache miss)
747 http fetch GET 200 https://registry.npmjs.org/@firebase/auth/-/auth-1.13.2.tgz 15693ms (cache miss)
748 http fetch GET 200 https://registry.npmjs.org/@firebase/auth/-/auth-1.13.2.tgz 15729ms (cache miss)
749 http fetch GET 200 https://registry.npmjs.org/@firebase/firestore/-/firestore-4.15.0.tgz 17475ms (cache miss)
750 http fetch GET 200 https://registry.npmjs.org/firebase/-/firebase-12.14.0.tgz 19176ms (cache miss)
751 info run @firebase/util@1.15.1 postinstall node_modules/@firebase/util node ./postinstall.js
752 info run protobufjs@7.6.3 postinstall node_modules/protobufjs node scripts/postinstall
753 info run @firebase/util@1.15.1 postinstall { code: 0, signal: null }
754 info run protobufjs@7.6.3 postinstall { code: 0, signal: null }
755 silly ADD node_modules/color-name
756 silly ADD node_modules/color-convert
757 silly ADD node_modules/ansi-styles
758 silly ADD node_modules/ansi-regex
759 silly ADD node_modules/is-fullwidth-code-point
760 silly ADD node_modules/emoji-regex
761 silly ADD node_modules/wrap-ansi
762 silly ADD node_modules/strip-ansi
763 silly ADD node_modules/yargs-parser
764 silly ADD node_modules/y18n
765 silly ADD node_modules/string-width
766 silly ADD node_modules/require-directory
767 silly ADD node_modules/get-caller-file
768 silly ADD node_modules/escalade
769 silly ADD node_modules/cliui
770 silly ADD node_modules/websocket-extensions
771 silly ADD node_modules/safe-buffer
772 silly ADD node_modules/http-parser-js
773 silly ADD node_modules/@protobufjs/utf8
774 silly ADD node_modules/@protobufjs/pool
775 silly ADD node_modules/@protobufjs/path
776 silly ADD node_modules/@protobufjs/inquire
777 silly ADD node_modules/@protobufjs/float
778 silly ADD node_modules/@protobufjs/fetch
779 silly ADD node_modules/@protobufjs/eventemitter
780 silly ADD node_modules/@protobufjs/codegen
781 silly ADD node_modules/@protobufjs/base64
782 silly ADD node_modules/@protobufjs/aspromise
783 silly ADD node_modules/websocket-driver
784 silly ADD node_modules/yargs
785 silly ADD node_modules/protobufjs
786 silly ADD node_modules/long
787 silly ADD node_modules/lodash.camelcase
788 silly ADD node_modules/@firebase/storage-types
789 silly ADD node_modules/@firebase/remote-config-types
790 silly ADD node_modules/@firebase/performance-types
791 silly ADD node_modules/web-vitals
792 silly ADD node_modules/@firebase/installations-types
793 silly ADD node_modules/@firebase/functions-types
794 silly ADD node_modules/@firebase/messaging-interop-types
795 silly ADD node_modules/@firebase/firestore-types
796 silly ADD node_modules/@grpc/proto-loader
797 silly ADD node_modules/@grpc/grpc-js
798 silly ADD node_modules/@firebase/webchannel-wrapper
799 silly ADD node_modules/@firebase/database-types
800 silly ADD node_modules/faye-websocket
801 silly ADD node_modules/@firebase/auth-interop-types
802 silly ADD node_modules/@firebase/auth-types
803 silly ADD node_modules/@firebase/app-check-types
804 silly ADD node_modules/idb
805 silly ADD node_modules/@firebase/analytics-types
806 silly ADD node_modules/@firebase/logger
807 silly ADD node_modules/@firebase/component
808 silly ADD node_modules/@firebase/app-check-interop-types
809 silly ADD node_modules/@firebase/util
810 silly ADD node_modules/@firebase/storage-compat
811 silly ADD node_modules/@firebase/storage
812 silly ADD node_modules/@firebase/remote-config-compat
813 silly ADD node_modules/@firebase/remote-config
814 silly ADD node_modules/@firebase/performance-compat
815 silly ADD node_modules/@firebase/performance
816 silly ADD node_modules/@firebase/messaging-compat
817 silly ADD node_modules/@firebase/messaging
818 silly ADD node_modules/@firebase/installations-compat
819 silly ADD node_modules/@firebase/installations
820 silly ADD node_modules/@firebase/functions-compat
821 silly ADD node_modules/@firebase/functions
822 silly ADD node_modules/@firebase/firestore-compat
823 silly ADD node_modules/@firebase/firestore
824 silly ADD node_modules/@firebase/database-compat
825 silly ADD node_modules/@firebase/database
826 silly ADD node_modules/@firebase/data-connect
827 silly ADD node_modules/@firebase/auth-compat
828 silly ADD node_modules/@firebase/auth-compat/node_modules/@firebase/auth
829 silly ADD node_modules/@firebase/app-check-compat
830 silly ADD node_modules/@firebase/app-check
831 silly ADD node_modules/@firebase/app-compat
832 silly ADD node_modules/@firebase/analytics-compat
833 silly ADD node_modules/@firebase/analytics
834 silly ADD node_modules/@firebase/app-types
835 silly ADD node_modules/@firebase/app
836 silly ADD node_modules/@firebase/ai
837 silly ADD node_modules/firebase
838 silly ADD node_modules/firebase/node_modules/@firebase/auth
839 verbose cwd C:\Users\Admin\OneDrive\Desktop\devangorganics-main
840 verbose os Windows_NT 10.0.19045
841 verbose node v24.14.1
842 verbose npm  v11.11.0
843 verbose exit 0
844 info ok
